#
# A fatal error has been detected by the Java Runtime Environment:
#
#  EXCEPTION_ACCESS_VIOLATION (0xc0000005) at pc=0x00007ffcd5e33004, pid=13476, tid=33376
#
# JRE version: OpenJDK Runtime Environment (24.0+36) (build 24+36-3646)
# Java VM: OpenJDK 64-Bit Server VM (24+36-3646, mixed mode, sharing, tiered, compressed oops, compressed class ptrs, g1 gc, windows-amd64)
# Problematic frame:
# C  [libasyncProfiler.dll+0x93004]
#
# No core dump will be written. Minidumps are not enabled by default on client versions of Windows
#
# JFR recording file will be written. Location: C:\Users\simon\IdeaProjects\Proiect\Proiect\hs_err_pid13476.jfr
#
# If you would like to submit a bug report, please visit:
#   https://bugreport.java.com/bugreport/crash.jsp
# The crash happened outside the Java Virtual Machine in native code.
# See problematic frame for where to report the bug.
#

---------------  S U M M A R Y ------------

Command Line: -javaagent:C:\Program Files\JetBrains\IntelliJ IDEA 2024.3.5\lib\idea_rt.jar=52157 -agentpath:C:\Users\simon\AppData\Local\Temp\idea_libasyncProfiler_dll_temp_folder\libasyncProfiler.dll=start,jfr,event=wall,interval=10ms,jfrsync=profile,cstack=no,file=C:\Users\simon\IdeaSnapshots\LibraryAuthAppGUI_2025_04_02_201930.jfr,dbghelppath=C:\Users\simon\AppData\Local\Temp\idea_dbghelp_dll_temp_folder\dbghelp.dll,log=C:\Users\simon\AppData\Local\Temp\LibraryAuthAppGUI_2025_04_02_201930.jfr.log.txt,logLevel=DEBUG -Dfile.encoding=UTF-8 -Dsun.stdout.encoding=UTF-8 -Dsun.stderr.encoding=UTF-8 proiect.LibraryAuthAppGUI

Host: 13th Gen Intel(R) Core(TM) i7-13620H, 16 cores, 15G,  Windows 11 , 64 bit Build 26100 (10.0.26100.3323)
Time: Wed Apr  2 20:19:30 2025 GTB Daylight Time elapsed time: 0.334158 seconds (0d 0h 0m 0s)

---------------  T H R E A D  ---------------

Current thread (0x000002193e286120):  JavaThread "main"             [_thread_in_native, id=33376, stack(0x000000b192e00000,0x000000b192f00000) (1024K)]

Stack: [0x000000b192e00000,0x000000b192f00000],  sp=0x000000b192efea40,  free space=1018k
Native frames: (J=compiled Java code, j=interpreted, Vv=VM code, C=native code)
C  [libasyncProfiler.dll+0x93004]  (no source info available)
C  [libasyncProfiler.dll+0x934db]  (no source info available)
C  [libasyncProfiler.dll+0x92134]  (no source info available)
C  [libasyncProfiler.dll+0x929aa]  (no source info available)
C  [libasyncProfiler.dll+0x8d561]  (no source info available)
C  [libasyncProfiler.dll+0x7ef21]  (no source info available)
C  [libasyncProfiler.dll+0x7dc38]  (no source info available)
C  [libasyncProfiler.dll+0x7db20]  (no source info available)
C  [libasyncProfiler.dll+0x83c3c]  (no source info available)
V  [jvm.dll+0x5e3a5e]  (no source info available)
V  [jvm.dll+0x8861e6]  (no source info available)
V  [jvm.dll+0x49604e]  (no source info available)
V  [jvm.dll+0x497e21]  (no source info available)
C  [jli.dll+0x52a1]  (no source info available)
C  [ucrtbase.dll+0x37b0]  (no source info available)
C  [KERNEL32.DLL+0x2e8d7]  (no source info available)
C  [ntdll.dll+0xbbf6c]  (no source info available)


siginfo: EXCEPTION_ACCESS_VIOLATION (0xc0000005), reading address 0xffffffffffffffff


Registers:
RAX=0x0000000000000010, RBX=0x0000000000000000, RCX=0xffffffffffffffff, RDX=0x007ffc95882ff010
RSP=0x000000b192efea40, RBP=0x000002195f5ed238, RSI=0x000000b192efebb0, RDI=0x000002195f5ed238
R8 =0x0000000000000042, R9 =0x0000000715601ee8, R10=0x00007ffc95af9fc0, R11=0x0000000000000002
R12=0x000000b192efebb0, R13=0x000002193c3ca450, R14=0x000002193e2864e8, R15=0x000002193e2864e8
RIP=0x00007ffcd5e33004, EFLAGS=0x0000000000010202

XMM[0]=0x0000000000000000 0x0000000000000000
XMM[1]=0x0000000000000000 0x0000000000000000
XMM[2]=0x0000000000000000 0x0000000000000000
XMM[3]=0x0000000000000000 0x0000000000000000
XMM[4]=0x0000000000000000 0x0000000000000000
XMM[5]=0x0000000000000000 0x0000000000000000
XMM[6]=0x0000000000000000 0x0000000000000000
XMM[7]=0x0000000000000000 0x0000000000000000
XMM[8]=0x0000000000000000 0x0000000000000000
XMM[9]=0x0000000000000000 0x0000000000000000
XMM[10]=0x0000000000000000 0x0000000000000000
XMM[11]=0x0000000000000000 0x0000000000000000
XMM[12]=0x0000000000000000 0x0000000000000000
XMM[13]=0x0000000000000000 0x0000000000000000
XMM[14]=0x0000000000000000 0x0000000000000000
XMM[15]=0x0000000000000000 0x0000000000000000
  MXCSR=0x00001fa0


Register to memory mapping:

RAX=0x0000000000000010 is an unknown value
RBX=0x0 is null
RCX=0xffffffffffffffff is an unknown value
RDX=0x007ffc95882ff010 is an unknown value
RSP=0x000000b192efea40 is pointing into the stack for thread: 0x000002193e286120
RBP=0x000002195f5ed238 points into unknown readable memory: 0x0000000715601ee8 | e8 1e 60 15 07 00 00 00
RSI=0x000000b192efebb0 is pointing into the stack for thread: 0x000002193e286120
RDI=0x000002195f5ed238 points into unknown readable memory: 0x0000000715601ee8 | e8 1e 60 15 07 00 00 00
R8 =0x0000000000000042 is an unknown value
R9 =0x0000000715601ee8 is an oop: java.lang.Thread 
{0x0000000715601ee8} - klass: 'java/lang/Thread' - flags: 

 - ---- fields (total size 14 words):
 - 'threadLocalRandomProbe' 'I' @12  0 (0x00000000)
 - private volatile 'eetop' 'J' @16  2307440271648 (0x000002193e286120)
 - private final 'tid' 'J' @24  3 (0x0000000000000003)
 - 'threadLocalRandomSeed' 'J' @32  0 (0x0000000000000000)
 - injected 'jvmti_thread_state' 'J' @40  2307995100928 (0x000002195f3a6700)
 - 'threadLocalRandomSecondarySeed' 'I' @48  0 (0x00000000)
 - injected 'jvmti_VTMS_transition_disable_count' 'I' @52  0 (0x00000000)
 - injected 'jfr_epoch' 'S' @56  0 (0x0000)
 - volatile 'interrupted' 'Z' @58  false (0x00)
 - injected 'jvmti_is_in_VTMS_transition' 'Z' @59  false (0x00)
 - private volatile 'name' 'Ljava/lang/String;' @60  "main"{0x0000000715601f58} (0xe2ac03eb)
 - private volatile 'contextClassLoader' 'Ljava/lang/ClassLoader;' @64  a 'jdk/internal/loader/ClassLoaders$AppClassLoader'{0x000000071561c020} (0xe2ac3804)
 - private final 'holder' 'Ljava/lang/Thread$FieldHolder;' @68  a 'java/lang/Thread$FieldHolder'{0x0000000715601f98} (0xe2ac03f3)
 - 'threadLocals' 'Ljava/lang/ThreadLocal$ThreadLocalMap;' @72  a 'java/lang/ThreadLocal$ThreadLocalMap'{0x0000000715538f68} (0xe2aa71ed)
 - 'inheritableThreadLocals' 'Ljava/lang/ThreadLocal$ThreadLocalMap;' @76  null (0x00000000)
 - private 'scopedValueBindings' 'Ljava/lang/Object;' @80  a 'java/lang/Class'{0x00000007ffe7c280} = 'java/lang/Thread' (0xfffcf850)
 - final 'interruptLock' 'Ljava/lang/Object;' @84  a 'java/lang/Object'{0x0000000715601f88} (0xe2ac03f1)
 - private volatile 'parkBlocker' 'Ljava/lang/Object;' @88  null (0x00000000)
 - private 'nioBlocker' 'Lsun/nio/ch/Interruptible;' @92  null (0x00000000)
 - private 'cont' 'Ljdk/internal/vm/Continuation;' @96  null (0x00000000)
 - private volatile 'uncaughtExceptionHandler' 'Ljava/lang/Thread$UncaughtExceptionHandler;' @100  null (0x00000000)
 - private 'container' 'Ljdk/internal/vm/ThreadContainer;' @104  null (0x00000000)
 - private volatile 'headStackableScopes' 'Ljdk/internal/vm/StackableScope;' @108  null (0x00000000)
R10=0x00007ffc95af9fc0 jvm.dll
R11=0x0000000000000002 is an unknown value
R12=0x000000b192efebb0 is pointing into the stack for thread: 0x000002193e286120
R13=0x000002193c3ca450 points into unknown readable memory: 0x00007ffc95a6a510 | 10 a5 a6 95 fc 7f 00 00
R14=0x000002193e2864e8 points into unknown readable memory: 0x00007ffc95a617b0 | b0 17 a6 95 fc 7f 00 00
R15=0x000002193e2864e8 points into unknown readable memory: 0x00007ffc95a617b0 | b0 17 a6 95 fc 7f 00 00

Top of Stack: (sp=0x000000b192efea40)
0x000000b192efea40:   000000b192efebb0 000002195f5ed238   ........8.^_....
0x000000b192efea50:   0000000000000000 000002193e286870   ........ph(>....
0x000000b192efea60:   0000000000000020 00007ffcd5e334db    ........4......
0x000000b192efea70:   0000000000000000 000002193e2864e8   .........d(>....
0x000000b192efea80:   000000b192efeb01 0000000000000000   ................
0x000000b192efea90:   00000219a5f11350 00007ffcd5e32134   P.......4!......
0x000000b192efeaa0:   0000000000000000 0000000000000020   ........ .......
0x000000b192efeab0:   0000000000000000 0000000000000020   ........ .......
0x000000b192efeac0:   0000000a00000003 00000219a5f3de80   ................
0x000000b192efead0:   00000219a5f11350 00000219a5f113d0   P...............
0x000000b192efeae0:   00000219a5f113f8 00000219000079f8   .........y......
0x000000b192efeaf0:   0000000000000000 0000000000000000   ................
0x000000b192efeb00:   0000000000000000 00007ffc952c58e4   .........X,.....
0x000000b192efeb10:   00007ffcd5f8ae00 00000000000034a4   .........4......
0x000000b192efeb20:   00007ffcd5f8ae00 00000000ffffffff   ................
0x000000b192efeb30:   0000000000000000 00007ffcd5e329aa   .........)......
0x000000b192efeb40:   000002193e2864e8 0000000000000000   .d(>............
0x000000b192efeb50:   000000b192efebb9 000002193c3ca450   ........P.<<....
0x000000b192efeb60:   00000219000021b4 0000000000000000   .!..............
0x000000b192efeb70:   0000000000000000 00007ffd3cca9529   ........)..<....
0x000000b192efeb80:   000002193e2864e8 00007ffcd5f8ae00   .d(>............
0x000000b192efeb90:   0000000000000000 00007ffcd5ecbc53   ........S.......
0x000000b192efeba0:   0000000000000000 000002193e2864e8   .........d(>....
0x000000b192efebb0:   000002195f86fff0 000002195f8703f0   ..._......._....
0x000000b192efebc0:   000002195f8703f0 00007ffcd5f8ae00   ..._............
0x000000b192efebd0:   000002193e71fa28 000000b192efed48   (.q>....H.......
0x000000b192efebe0:   000000b192efee80 0000000000008840   ........@.......
0x000000b192efebf0:   00007ffcd5f7d080 00007ffcd5f8ae50   ........P.......
0x000000b192efec00:   0000000000989680 0000000000989680   ................
0x000000b192efec10:   000000b192efed20 00007ffcd5e2d561    .......a.......
0x000000b192efec20:   00007ffcd5f8ae00 00007ffcd5f8ae58   ........X.......
0x000000b192efec30:   00007ffc00000000 003e887c00000001   ............|.>.

Instructions: (pc=0x00007ffcd5e33004)
  0x00007ffcd5e32f04:   cc cc cc cc cc cc cc cc cc cc cc cc cc cc cc cc
  0x00007ffcd5e32f14:   cc cc cc cc cc cc cc cc cc cc cc cc cc cc cc cc
  0x00007ffcd5e32f24:   cc cc cc cc cc cc cc cc cc cc cc cc cc cc cc cc
  0x00007ffcd5e32f34:   cc cc cc cc cc cc cc cc cc cc cc cc cc cc cc cc
  0x00007ffcd5e32f44:   cc cc cc cc cc cc cc cc cc cc cc cc cc cc cc cc
  0x00007ffcd5e32f54:   cc cc cc cc cc cc cc cc cc cc cc cc cc cc cc cc
  0x00007ffcd5e32f64:   cc cc cc cc cc cc cc cc cc cc cc cc cc cc cc cc
  0x00007ffcd5e32f74:   cc cc cc cc cc cc cc cc cc cc cc cc cc cc cc cc
  0x00007ffcd5e32f84:   cc cc cc cc cc cc cc cc cc cc cc cc 40 57 48 83
  0x00007ffcd5e32f94:   ec 20 48 8b f9 48 8b 0d 30 80 15 00 48 85 c9 74
  0x00007ffcd5e32fa4:   20 48 8b 01 48 8d 54 24 38 41 b8 06 00 01 00 4c
  0x00007ffcd5e32fb4:   8b 48 30 41 ff d1 85 c0 75 07 48 8b 4c 24 38 eb
  0x00007ffcd5e32fc4:   02 33 c9 4c 8b 05 0a 81 15 00 48 89 5c 24 30 4d
  0x00007ffcd5e32fd4:   85 c0 74 4a 48 8b 01 48 8b d7 4c 8b 88 28 03 00
  0x00007ffcd5e32fe4:   00 41 ff d1 48 85 c0 74 35 48 63 0d b8 3d 15 00
  0x00007ffcd5e32ff4:   48 8b 14 01 48 85 d2 74 15 48 63 05 bc 3d 15 00
=>0x00007ffcd5e33004:   8b 04 10 48 8b 5c 24 30 48 83 c4 20 5f c3 b8 ff
  0x00007ffcd5e33014:   ff ff ff 48 8b 5c 24 30 48 83 c4 20 5f c3 80 3d
  0x00007ffcd5e33024:   bb 7f 15 00 00 bb ff ff ff ff 74 20 4c 8b 0d 51
  0x00007ffcd5e33034:   7c 15 00 4c 8d 44 24 38 48 8b 0d 35 7c 15 00 48
  0x00007ffcd5e33044:   8b d7 41 ff d1 85 c0 0f 44 5c 24 38 8b c3 48 8b
  0x00007ffcd5e33054:   5c 24 30 48 83 c4 20 5f c3 cc cc cc cc cc cc cc
  0x00007ffcd5e33064:   cc cc cc cc cc cc cc cc cc cc cc cc cc cc cc cc
  0x00007ffcd5e33074:   cc cc cc cc cc cc cc cc cc cc cc cc cc cc cc cc
  0x00007ffcd5e33084:   cc cc cc cc cc cc cc cc cc cc cc cc 48 89 54 24
  0x00007ffcd5e33094:   10 53 55 56 57 41 56 41 57 48 83 ec 28 48 8b f2
  0x00007ffcd5e330a4:   4c 8b f1 48 89 4c 24 78 45 33 ff 44 89 7c 24 68
  0x00007ffcd5e330b4:   c7 44 24 60 01 00 00 00 48 8d 4c 24 68 e8 69 3c
  0x00007ffcd5e330c4:   f7 ff 8b d8 48 8d 4c 24 60 e8 5d 3c f7 ff 8b e8
  0x00007ffcd5e330d4:   49 8b ce e8 33 f3 f6 ff 48 8b f8 90 8b c3 f0 0f
  0x00007ffcd5e330e4:   b1 2f 74 04 f3 90 eb f4 4c 89 3e 4c 89 7e 08 4c
  0x00007ffcd5e330f4:   89 7e 10 49 8b 6e 08 4d 8b 76 10 49 3b ee 0f 84


Stack slot to memory mapping:

stack at sp + 0 slots: 0x000000b192efebb0 is pointing into the stack for thread: 0x000002193e286120
stack at sp + 1 slots: 0x000002195f5ed238 points into unknown readable memory: 0x0000000715601ee8 | e8 1e 60 15 07 00 00 00
stack at sp + 2 slots: 0x0 is null
stack at sp + 3 slots: 0x000002193e286870 points into unknown readable memory: 0x6e616c2e6176616a | 6a 61 76 61 2e 6c 61 6e
stack at sp + 4 slots: 0x0000000000000020 is an unknown value
stack at sp + 5 slots: 0x00007ffcd5e334db libasyncProfiler.dll
stack at sp + 6 slots: 0x0 is null
stack at sp + 7 slots: 0x000002193e2864e8 points into unknown readable memory: 0x00007ffc95a617b0 | b0 17 a6 95 fc 7f 00 00

Lock stack of current Java thread (top to bottom):


---------------  P R O C E S S  ---------------

Threads class SMR info:
_java_thread_list=0x00000219a634cec0, length=25, elements={
0x000002193e286120, 0x000002195f2bdfd0, 0x000002195f2be810, 0x000002195f2c1fc0,
0x000002195f2c2af0, 0x000002195f2c56c0, 0x000002195f2ce5d0, 0x000002195f303dd0,
0x000002195f306d50, 0x000002195f3cc1b0, 0x000002195f3e88e0, 0x000002195f3e6aa0,
0x000002195f3e5b80, 0x000002195f3ce640, 0x000002195f3e53f0, 0x000002195f3cc900,
0x000002195f3e79c0, 0x00000219a50cb680, 0x00000219a50cdc50, 0x000002195f3cf4e0,
0x00000219a50cd4c0, 0x000002195f3cd050, 0x000002195f3cd7a0, 0x00000219a60c7f50,
0x00000219a60c86a0
}

Java Threads: ( => current thread )
=>0x000002193e286120 JavaThread "main"                              [_thread_in_native, id=33376, stack(0x000000b192e00000,0x000000b192f00000) (1024K)]
  0x000002195f2bdfd0 JavaThread "Reference Handler"          daemon [_thread_blocked, id=20984, stack(0x000000b193600000,0x000000b193700000) (1024K)]
  0x000002195f2be810 JavaThread "Finalizer"                  daemon [_thread_blocked, id=36668, stack(0x000000b193700000,0x000000b193800000) (1024K)]
  0x000002195f2c1fc0 JavaThread "Signal Dispatcher"          daemon [_thread_blocked, id=37296, stack(0x000000b193800000,0x000000b193900000) (1024K)]
  0x000002195f2c2af0 JavaThread "Attach Listener"            daemon [_thread_blocked, id=39768, stack(0x000000b193900000,0x000000b193a00000) (1024K)]
  0x000002195f2c56c0 JavaThread "Service Thread"             daemon [_thread_blocked, id=38880, stack(0x000000b193a00000,0x000000b193b00000) (1024K)]
  0x000002195f2ce5d0 JavaThread "Monitor Deflation Thread"   daemon [_thread_blocked, id=32436, stack(0x000000b193b00000,0x000000b193c00000) (1024K)]
  0x000002195f303dd0 JavaThread "C2 CompilerThread0"         daemon [_thread_blocked, id=32696, stack(0x000000b193c00000,0x000000b193d00000) (1024K)]
  0x000002195f306d50 JavaThread "C1 CompilerThread0"         daemon [_thread_blocked, id=28676, stack(0x000000b193d00000,0x000000b193e00000) (1024K)]
  0x000002195f3cc1b0 JavaThread "Common-Cleaner"             daemon [_thread_blocked, id=22768, stack(0x000000b193e00000,0x000000b193f00000) (1024K)]
  0x000002195f3e88e0 JavaThread "C1 CompilerThread1"         daemon [_thread_blocked, id=33608, stack(0x000000b193f00000,0x000000b194000000) (1024K)]
  0x000002195f3e6aa0 JavaThread "C1 CompilerThread2"         daemon [_thread_blocked, id=25940, stack(0x000000b194000000,0x000000b194100000) (1024K)]
  0x000002195f3e5b80 JavaThread "C2 CompilerThread1"         daemon [_thread_blocked, id=6400, stack(0x000000b194100000,0x000000b194200000) (1024K)]
  0x000002195f3ce640 JavaThread "Monitor Ctrl-Break"         daemon [_thread_in_native, id=3876, stack(0x000000b194200000,0x000000b194300000) (1024K)]
  0x000002195f3e53f0 JavaThread "C2 CompilerThread2"         daemon [_thread_blocked, id=33572, stack(0x000000b194300000,0x000000b194400000) (1024K)]
  0x000002195f3cc900 JavaThread "JFR Recorder Thread"        daemon [_thread_in_native, id=35596, stack(0x000000b194400000,0x000000b194500000) (1024K)]
  0x000002195f3e79c0 JavaThread "C1 CompilerThread3"         daemon [_thread_blocked, id=2280, stack(0x000000b194500000,0x000000b194600000) (1024K)]
  0x00000219a50cb680 JavaThread "C2 CompilerThread3"         daemon [_thread_blocked, id=25008, stack(0x000000b194600000,0x000000b194700000) (1024K)]
  0x00000219a50cdc50 JavaThread "C2 CompilerThread4"         daemon [_thread_blocked, id=34264, stack(0x000000b194700000,0x000000b194800000) (1024K)]
  0x000002195f3cf4e0 JavaThread "JFR Periodic Tasks"         daemon [_thread_blocked, id=38824, stack(0x000000b194800000,0x000000b194900000) (1024K)]
  0x00000219a50cd4c0 JavaThread "C2 CompilerThread5"         daemon [_thread_blocked, id=31224, stack(0x000000b194900000,0x000000b194a00000) (1024K)]
  0x000002195f3cd050 JavaThread "RMI TCP Accept-0"           daemon [_thread_in_native, id=29468, stack(0x000000b194a00000,0x000000b194b00000) (1024K)]
  0x000002195f3cd7a0 JavaThread "RMI TCP Connection(1)-192.168.1.133" daemon [_thread_in_native, id=17596, stack(0x000000b194b00000,0x000000b194c00000) (1024K)]
  0x00000219a60c7f50 JavaThread "RMI Scheduler(0)"           daemon [_thread_blocked, id=31024, stack(0x000000b194c00000,0x000000b194d00000) (1024K)]
  0x00000219a60c86a0 JavaThread "JMX server connection timeout 42" daemon [_thread_blocked, id=34668, stack(0x000000b194d00000,0x000000b194e00000) (1024K)]
Total: 25

Other Threads:
  0x000002193e40e370 VMThread "VM Thread"                           [id=23644, stack(0x000000b193500000,0x000000b193600000) (1024K)]
  0x000002193e3e01c0 WatcherThread "VM Periodic Task Thread"        [id=8800, stack(0x000000b193400000,0x000000b193500000) (1024K)]
  0x000002193e2ef920 WorkerThread "GC Thread#0"                     [id=32124, stack(0x000000b192f00000,0x000000b193000000) (1024K)]
  0x000002193e342e70 ConcurrentGCThread "G1 Main Marker"            [id=29364, stack(0x000000b193000000,0x000000b193100000) (1024K)]
  0x000002193e3456b0 WorkerThread "G1 Conc#0"                       [id=17080, stack(0x000000b193100000,0x000000b193200000) (1024K)]
  0x000002193e3d2650 ConcurrentGCThread "G1 Refine#0"               [id=29492, stack(0x000000b193200000,0x000000b193300000) (1024K)]
  0x000002193e3d2f80 ConcurrentGCThread "G1 Service"                [id=24584, stack(0x000000b193300000,0x000000b193400000) (1024K)]
Total: 7

Threads with active compile tasks:
Total: 0

VM state: not at safepoint (normal execution)

VM Mutex/Monitor currently owned by a thread: None

Heap address: 0x0000000705c00000, size: 4004 MB, Compressed Oops mode: Zero based, Oop shift amount: 3

CDS archive(s) mapped at: [0x0000021960000000-0x0000021960d40000-0x0000021960d40000), size 13893632, SharedBaseAddress: 0x0000021960000000, ArchiveRelocationMode: 1.
Compressed class space mapped at: 0x0000021961000000-0x00000219a1000000, reserved size: 1073741824
UseCompressedClassPointers 1, UseCompactObjectHeaders 0
Narrow klass pointer bits 32, Max shift 3
Narrow klass base: 0x0000021960000000, Narrow klass shift: 0
Encoding Range: [0x0000021960000000 - 0x0000021a60000000), (4294967296 bytes)
Klass Range:    [0x0000021960000000 - 0x00000219a1000000), (1090519040 bytes)
Klass ID Range:  [8 - 1090519033) (1090519025)

GC Precious Log:
 CardTable entry size: 512
 Card Set container configuration: InlinePtr #cards 4 size 8 Array Of Cards #cards 16 size 48 Howl #buckets 8 coarsen threshold 3686 Howl Bitmap #cards 512 size 80 coarsen threshold 460 Card regions per heap region 1 cards per card region 4096
 CPUs: 16 total, 16 available
 Memory: 16008M
 Large Page Support: Disabled
 NUMA Support: Disabled
 Compressed Oops: Enabled (Zero based)
 Heap Region Size: 2M
 Heap Min Capacity: 8M
 Heap Initial Capacity: 252M
 Heap Max Capacity: 4004M
 Pre-touch: Disabled
 Parallel Workers: 13
 Concurrent Workers: 3
 Concurrent Refinement Workers: 13
 Periodic GC: Disabled

Heap:
 garbage-first heap   total reserved 4100096K, committed 260096K, used 29808K [0x0000000705c00000, 0x0000000800000000)
  region size 2048K, 16 young (32768K), 0 survivors (0K)
 Metaspace       used 7643K, committed 7936K, reserved 1114112K
  class space    used 711K, committed 832K, reserved 1048576K

Heap Regions: E=young(eden), S=young(survivor), O=old, HS=humongous(starts), HC=humongous(continues), CS=collection set, F=free, TAMS=top-at-mark-start, PB=parsable bottom
|   0|0x0000000705c00000, 0x0000000705c00000, 0x0000000705e00000|  0%| F|  |TAMS 0x0000000705c00000| PB 0x0000000705c00000| Untracked |  0
|   1|0x0000000705e00000, 0x0000000705e00000, 0x0000000706000000|  0%| F|  |TAMS 0x0000000705e00000| PB 0x0000000705e00000| Untracked |  0
|   2|0x0000000706000000, 0x0000000706000000, 0x0000000706200000|  0%| F|  |TAMS 0x0000000706000000| PB 0x0000000706000000| Untracked |  0
|   3|0x0000000706200000, 0x0000000706200000, 0x0000000706400000|  0%| F|  |TAMS 0x0000000706200000| PB 0x0000000706200000| Untracked |  0
|   4|0x0000000706400000, 0x0000000706400000, 0x0000000706600000|  0%| F|  |TAMS 0x0000000706400000| PB 0x0000000706400000| Untracked |  0
|   5|0x0000000706600000, 0x0000000706600000, 0x0000000706800000|  0%| F|  |TAMS 0x0000000706600000| PB 0x0000000706600000| Untracked |  0
|   6|0x0000000706800000, 0x0000000706800000, 0x0000000706a00000|  0%| F|  |TAMS 0x0000000706800000| PB 0x0000000706800000| Untracked |  0
|   7|0x0000000706a00000, 0x0000000706a00000, 0x0000000706c00000|  0%| F|  |TAMS 0x0000000706a00000| PB 0x0000000706a00000| Untracked |  0
|   8|0x0000000706c00000, 0x0000000706c00000, 0x0000000706e00000|  0%| F|  |TAMS 0x0000000706c00000| PB 0x0000000706c00000| Untracked |  0
|   9|0x0000000706e00000, 0x0000000706e00000, 0x0000000707000000|  0%| F|  |TAMS 0x0000000706e00000| PB 0x0000000706e00000| Untracked |  0
|  10|0x0000000707000000, 0x0000000707000000, 0x0000000707200000|  0%| F|  |TAMS 0x0000000707000000| PB 0x0000000707000000| Untracked |  0
|  11|0x0000000707200000, 0x0000000707200000, 0x0000000707400000|  0%| F|  |TAMS 0x0000000707200000| PB 0x0000000707200000| Untracked |  0
|  12|0x0000000707400000, 0x0000000707400000, 0x0000000707600000|  0%| F|  |TAMS 0x0000000707400000| PB 0x0000000707400000| Untracked |  0
|  13|0x0000000707600000, 0x0000000707600000, 0x0000000707800000|  0%| F|  |TAMS 0x0000000707600000| PB 0x0000000707600000| Untracked |  0
|  14|0x0000000707800000, 0x0000000707800000, 0x0000000707a00000|  0%| F|  |TAMS 0x0000000707800000| PB 0x0000000707800000| Untracked |  0
|  15|0x0000000707a00000, 0x0000000707a00000, 0x0000000707c00000|  0%| F|  |TAMS 0x0000000707a00000| PB 0x0000000707a00000| Untracked |  0
|  16|0x0000000707c00000, 0x0000000707c00000, 0x0000000707e00000|  0%| F|  |TAMS 0x0000000707c00000| PB 0x0000000707c00000| Untracked |  0
|  17|0x0000000707e00000, 0x0000000707e00000, 0x0000000708000000|  0%| F|  |TAMS 0x0000000707e00000| PB 0x0000000707e00000| Untracked |  0
|  18|0x0000000708000000, 0x0000000708000000, 0x0000000708200000|  0%| F|  |TAMS 0x0000000708000000| PB 0x0000000708000000| Untracked |  0
|  19|0x0000000708200000, 0x0000000708200000, 0x0000000708400000|  0%| F|  |TAMS 0x0000000708200000| PB 0x0000000708200000| Untracked |  0
|  20|0x0000000708400000, 0x0000000708400000, 0x0000000708600000|  0%| F|  |TAMS 0x0000000708400000| PB 0x0000000708400000| Untracked |  0
|  21|0x0000000708600000, 0x0000000708600000, 0x0000000708800000|  0%| F|  |TAMS 0x0000000708600000| PB 0x0000000708600000| Untracked |  0
|  22|0x0000000708800000, 0x0000000708800000, 0x0000000708a00000|  0%| F|  |TAMS 0x0000000708800000| PB 0x0000000708800000| Untracked |  0
|  23|0x0000000708a00000, 0x0000000708a00000, 0x0000000708c00000|  0%| F|  |TAMS 0x0000000708a00000| PB 0x0000000708a00000| Untracked |  0
|  24|0x0000000708c00000, 0x0000000708c00000, 0x0000000708e00000|  0%| F|  |TAMS 0x0000000708c00000| PB 0x0000000708c00000| Untracked |  0
|  25|0x0000000708e00000, 0x0000000708e00000, 0x0000000709000000|  0%| F|  |TAMS 0x0000000708e00000| PB 0x0000000708e00000| Untracked |  0
|  26|0x0000000709000000, 0x0000000709000000, 0x0000000709200000|  0%| F|  |TAMS 0x0000000709000000| PB 0x0000000709000000| Untracked |  0
|  27|0x0000000709200000, 0x0000000709200000, 0x0000000709400000|  0%| F|  |TAMS 0x0000000709200000| PB 0x0000000709200000| Untracked |  0
|  28|0x0000000709400000, 0x0000000709400000, 0x0000000709600000|  0%| F|  |TAMS 0x0000000709400000| PB 0x0000000709400000| Untracked |  0
|  29|0x0000000709600000, 0x0000000709600000, 0x0000000709800000|  0%| F|  |TAMS 0x0000000709600000| PB 0x0000000709600000| Untracked |  0
|  30|0x0000000709800000, 0x0000000709800000, 0x0000000709a00000|  0%| F|  |TAMS 0x0000000709800000| PB 0x0000000709800000| Untracked |  0
|  31|0x0000000709a00000, 0x0000000709a00000, 0x0000000709c00000|  0%| F|  |TAMS 0x0000000709a00000| PB 0x0000000709a00000| Untracked |  0
|  32|0x0000000709c00000, 0x0000000709c00000, 0x0000000709e00000|  0%| F|  |TAMS 0x0000000709c00000| PB 0x0000000709c00000| Untracked |  0
|  33|0x0000000709e00000, 0x0000000709e00000, 0x000000070a000000|  0%| F|  |TAMS 0x0000000709e00000| PB 0x0000000709e00000| Untracked |  0
|  34|0x000000070a000000, 0x000000070a000000, 0x000000070a200000|  0%| F|  |TAMS 0x000000070a000000| PB 0x000000070a000000| Untracked |  0
|  35|0x000000070a200000, 0x000000070a200000, 0x000000070a400000|  0%| F|  |TAMS 0x000000070a200000| PB 0x000000070a200000| Untracked |  0
|  36|0x000000070a400000, 0x000000070a400000, 0x000000070a600000|  0%| F|  |TAMS 0x000000070a400000| PB 0x000000070a400000| Untracked |  0
|  37|0x000000070a600000, 0x000000070a600000, 0x000000070a800000|  0%| F|  |TAMS 0x000000070a600000| PB 0x000000070a600000| Untracked |  0
|  38|0x000000070a800000, 0x000000070a800000, 0x000000070aa00000|  0%| F|  |TAMS 0x000000070a800000| PB 0x000000070a800000| Untracked |  0
|  39|0x000000070aa00000, 0x000000070aa00000, 0x000000070ac00000|  0%| F|  |TAMS 0x000000070aa00000| PB 0x000000070aa00000| Untracked |  0
|  40|0x000000070ac00000, 0x000000070ac00000, 0x000000070ae00000|  0%| F|  |TAMS 0x000000070ac00000| PB 0x000000070ac00000| Untracked |  0
|  41|0x000000070ae00000, 0x000000070ae00000, 0x000000070b000000|  0%| F|  |TAMS 0x000000070ae00000| PB 0x000000070ae00000| Untracked |  0
|  42|0x000000070b000000, 0x000000070b000000, 0x000000070b200000|  0%| F|  |TAMS 0x000000070b000000| PB 0x000000070b000000| Untracked |  0
|  43|0x000000070b200000, 0x000000070b200000, 0x000000070b400000|  0%| F|  |TAMS 0x000000070b200000| PB 0x000000070b200000| Untracked |  0
|  44|0x000000070b400000, 0x000000070b400000, 0x000000070b600000|  0%| F|  |TAMS 0x000000070b400000| PB 0x000000070b400000| Untracked |  0
|  45|0x000000070b600000, 0x000000070b600000, 0x000000070b800000|  0%| F|  |TAMS 0x000000070b600000| PB 0x000000070b600000| Untracked |  0
|  46|0x000000070b800000, 0x000000070b800000, 0x000000070ba00000|  0%| F|  |TAMS 0x000000070b800000| PB 0x000000070b800000| Untracked |  0
|  47|0x000000070ba00000, 0x000000070ba00000, 0x000000070bc00000|  0%| F|  |TAMS 0x000000070ba00000| PB 0x000000070ba00000| Untracked |  0
|  48|0x000000070bc00000, 0x000000070bc00000, 0x000000070be00000|  0%| F|  |TAMS 0x000000070bc00000| PB 0x000000070bc00000| Untracked |  0
|  49|0x000000070be00000, 0x000000070be00000, 0x000000070c000000|  0%| F|  |TAMS 0x000000070be00000| PB 0x000000070be00000| Untracked |  0
|  50|0x000000070c000000, 0x000000070c000000, 0x000000070c200000|  0%| F|  |TAMS 0x000000070c000000| PB 0x000000070c000000| Untracked |  0
|  51|0x000000070c200000, 0x000000070c200000, 0x000000070c400000|  0%| F|  |TAMS 0x000000070c200000| PB 0x000000070c200000| Untracked |  0
|  52|0x000000070c400000, 0x000000070c400000, 0x000000070c600000|  0%| F|  |TAMS 0x000000070c400000| PB 0x000000070c400000| Untracked |  0
|  53|0x000000070c600000, 0x000000070c600000, 0x000000070c800000|  0%| F|  |TAMS 0x000000070c600000| PB 0x000000070c600000| Untracked |  0
|  54|0x000000070c800000, 0x000000070c800000, 0x000000070ca00000|  0%| F|  |TAMS 0x000000070c800000| PB 0x000000070c800000| Untracked |  0
|  55|0x000000070ca00000, 0x000000070ca00000, 0x000000070cc00000|  0%| F|  |TAMS 0x000000070ca00000| PB 0x000000070ca00000| Untracked |  0
|  56|0x000000070cc00000, 0x000000070cc00000, 0x000000070ce00000|  0%| F|  |TAMS 0x000000070cc00000| PB 0x000000070cc00000| Untracked |  0
|  57|0x000000070ce00000, 0x000000070ce00000, 0x000000070d000000|  0%| F|  |TAMS 0x000000070ce00000| PB 0x000000070ce00000| Untracked |  0
|  58|0x000000070d000000, 0x000000070d000000, 0x000000070d200000|  0%| F|  |TAMS 0x000000070d000000| PB 0x000000070d000000| Untracked |  0
|  59|0x000000070d200000, 0x000000070d200000, 0x000000070d400000|  0%| F|  |TAMS 0x000000070d200000| PB 0x000000070d200000| Untracked |  0
|  60|0x000000070d400000, 0x000000070d400000, 0x000000070d600000|  0%| F|  |TAMS 0x000000070d400000| PB 0x000000070d400000| Untracked |  0
|  61|0x000000070d600000, 0x000000070d600000, 0x000000070d800000|  0%| F|  |TAMS 0x000000070d600000| PB 0x000000070d600000| Untracked |  0
|  62|0x000000070d800000, 0x000000070d800000, 0x000000070da00000|  0%| F|  |TAMS 0x000000070d800000| PB 0x000000070d800000| Untracked |  0
|  63|0x000000070da00000, 0x000000070da00000, 0x000000070dc00000|  0%| F|  |TAMS 0x000000070da00000| PB 0x000000070da00000| Untracked |  0
|  64|0x000000070dc00000, 0x000000070dc00000, 0x000000070de00000|  0%| F|  |TAMS 0x000000070dc00000| PB 0x000000070dc00000| Untracked |  0
|  65|0x000000070de00000, 0x000000070de00000, 0x000000070e000000|  0%| F|  |TAMS 0x000000070de00000| PB 0x000000070de00000| Untracked |  0
|  66|0x000000070e000000, 0x000000070e000000, 0x000000070e200000|  0%| F|  |TAMS 0x000000070e000000| PB 0x000000070e000000| Untracked |  0
|  67|0x000000070e200000, 0x000000070e200000, 0x000000070e400000|  0%| F|  |TAMS 0x000000070e200000| PB 0x000000070e200000| Untracked |  0
|  68|0x000000070e400000, 0x000000070e400000, 0x000000070e600000|  0%| F|  |TAMS 0x000000070e400000| PB 0x000000070e400000| Untracked |  0
|  69|0x000000070e600000, 0x000000070e600000, 0x000000070e800000|  0%| F|  |TAMS 0x000000070e600000| PB 0x000000070e600000| Untracked |  0
|  70|0x000000070e800000, 0x000000070e800000, 0x000000070ea00000|  0%| F|  |TAMS 0x000000070e800000| PB 0x000000070e800000| Untracked |  0
|  71|0x000000070ea00000, 0x000000070ea00000, 0x000000070ec00000|  0%| F|  |TAMS 0x000000070ea00000| PB 0x000000070ea00000| Untracked |  0
|  72|0x000000070ec00000, 0x000000070ec00000, 0x000000070ee00000|  0%| F|  |TAMS 0x000000070ec00000| PB 0x000000070ec00000| Untracked |  0
|  73|0x000000070ee00000, 0x000000070ee00000, 0x000000070f000000|  0%| F|  |TAMS 0x000000070ee00000| PB 0x000000070ee00000| Untracked |  0
|  74|0x000000070f000000, 0x000000070f000000, 0x000000070f200000|  0%| F|  |TAMS 0x000000070f000000| PB 0x000000070f000000| Untracked |  0
|  75|0x000000070f200000, 0x000000070f200000, 0x000000070f400000|  0%| F|  |TAMS 0x000000070f200000| PB 0x000000070f200000| Untracked |  0
|  76|0x000000070f400000, 0x000000070f400000, 0x000000070f600000|  0%| F|  |TAMS 0x000000070f400000| PB 0x000000070f400000| Untracked |  0
|  77|0x000000070f600000, 0x000000070f600000, 0x000000070f800000|  0%| F|  |TAMS 0x000000070f600000| PB 0x000000070f600000| Untracked |  0
|  78|0x000000070f800000, 0x000000070f800000, 0x000000070fa00000|  0%| F|  |TAMS 0x000000070f800000| PB 0x000000070f800000| Untracked |  0
|  79|0x000000070fa00000, 0x000000070fa00000, 0x000000070fc00000|  0%| F|  |TAMS 0x000000070fa00000| PB 0x000000070fa00000| Untracked |  0
|  80|0x000000070fc00000, 0x000000070fc00000, 0x000000070fe00000|  0%| F|  |TAMS 0x000000070fc00000| PB 0x000000070fc00000| Untracked |  0
|  81|0x000000070fe00000, 0x000000070fe00000, 0x0000000710000000|  0%| F|  |TAMS 0x000000070fe00000| PB 0x000000070fe00000| Untracked |  0
|  82|0x0000000710000000, 0x0000000710000000, 0x0000000710200000|  0%| F|  |TAMS 0x0000000710000000| PB 0x0000000710000000| Untracked |  0
|  83|0x0000000710200000, 0x0000000710200000, 0x0000000710400000|  0%| F|  |TAMS 0x0000000710200000| PB 0x0000000710200000| Untracked |  0
|  84|0x0000000710400000, 0x0000000710400000, 0x0000000710600000|  0%| F|  |TAMS 0x0000000710400000| PB 0x0000000710400000| Untracked |  0
|  85|0x0000000710600000, 0x0000000710600000, 0x0000000710800000|  0%| F|  |TAMS 0x0000000710600000| PB 0x0000000710600000| Untracked |  0
|  86|0x0000000710800000, 0x0000000710800000, 0x0000000710a00000|  0%| F|  |TAMS 0x0000000710800000| PB 0x0000000710800000| Untracked |  0
|  87|0x0000000710a00000, 0x0000000710a00000, 0x0000000710c00000|  0%| F|  |TAMS 0x0000000710a00000| PB 0x0000000710a00000| Untracked |  0
|  88|0x0000000710c00000, 0x0000000710c00000, 0x0000000710e00000|  0%| F|  |TAMS 0x0000000710c00000| PB 0x0000000710c00000| Untracked |  0
|  89|0x0000000710e00000, 0x0000000710e00000, 0x0000000711000000|  0%| F|  |TAMS 0x0000000710e00000| PB 0x0000000710e00000| Untracked |  0
|  90|0x0000000711000000, 0x0000000711000000, 0x0000000711200000|  0%| F|  |TAMS 0x0000000711000000| PB 0x0000000711000000| Untracked |  0
|  91|0x0000000711200000, 0x0000000711200000, 0x0000000711400000|  0%| F|  |TAMS 0x0000000711200000| PB 0x0000000711200000| Untracked |  0
|  92|0x0000000711400000, 0x0000000711400000, 0x0000000711600000|  0%| F|  |TAMS 0x0000000711400000| PB 0x0000000711400000| Untracked |  0
|  93|0x0000000711600000, 0x0000000711600000, 0x0000000711800000|  0%| F|  |TAMS 0x0000000711600000| PB 0x0000000711600000| Untracked |  0
|  94|0x0000000711800000, 0x0000000711800000, 0x0000000711a00000|  0%| F|  |TAMS 0x0000000711800000| PB 0x0000000711800000| Untracked |  0
|  95|0x0000000711a00000, 0x0000000711a00000, 0x0000000711c00000|  0%| F|  |TAMS 0x0000000711a00000| PB 0x0000000711a00000| Untracked |  0
|  96|0x0000000711c00000, 0x0000000711c00000, 0x0000000711e00000|  0%| F|  |TAMS 0x0000000711c00000| PB 0x0000000711c00000| Untracked |  0
|  97|0x0000000711e00000, 0x0000000711e00000, 0x0000000712000000|  0%| F|  |TAMS 0x0000000711e00000| PB 0x0000000711e00000| Untracked |  0
|  98|0x0000000712000000, 0x0000000712000000, 0x0000000712200000|  0%| F|  |TAMS 0x0000000712000000| PB 0x0000000712000000| Untracked |  0
|  99|0x0000000712200000, 0x0000000712200000, 0x0000000712400000|  0%| F|  |TAMS 0x0000000712200000| PB 0x0000000712200000| Untracked |  0
| 100|0x0000000712400000, 0x0000000712400000, 0x0000000712600000|  0%| F|  |TAMS 0x0000000712400000| PB 0x0000000712400000| Untracked |  0
| 101|0x0000000712600000, 0x0000000712600000, 0x0000000712800000|  0%| F|  |TAMS 0x0000000712600000| PB 0x0000000712600000| Untracked |  0
| 102|0x0000000712800000, 0x0000000712800000, 0x0000000712a00000|  0%| F|  |TAMS 0x0000000712800000| PB 0x0000000712800000| Untracked |  0
| 103|0x0000000712a00000, 0x0000000712a00000, 0x0000000712c00000|  0%| F|  |TAMS 0x0000000712a00000| PB 0x0000000712a00000| Untracked |  0
| 104|0x0000000712c00000, 0x0000000712c00000, 0x0000000712e00000|  0%| F|  |TAMS 0x0000000712c00000| PB 0x0000000712c00000| Untracked |  0
| 105|0x0000000712e00000, 0x0000000712e00000, 0x0000000713000000|  0%| F|  |TAMS 0x0000000712e00000| PB 0x0000000712e00000| Untracked |  0
| 106|0x0000000713000000, 0x0000000713000000, 0x0000000713200000|  0%| F|  |TAMS 0x0000000713000000| PB 0x0000000713000000| Untracked |  0
| 107|0x0000000713200000, 0x0000000713200000, 0x0000000713400000|  0%| F|  |TAMS 0x0000000713200000| PB 0x0000000713200000| Untracked |  0
| 108|0x0000000713400000, 0x0000000713400000, 0x0000000713600000|  0%| F|  |TAMS 0x0000000713400000| PB 0x0000000713400000| Untracked |  0
| 109|0x0000000713600000, 0x0000000713600000, 0x0000000713800000|  0%| F|  |TAMS 0x0000000713600000| PB 0x0000000713600000| Untracked |  0
| 110|0x0000000713800000, 0x00000007139ef878, 0x0000000713a00000| 96%| E|  |TAMS 0x0000000713800000| PB 0x0000000713800000| Complete |  0
| 111|0x0000000713a00000, 0x0000000713c00000, 0x0000000713c00000|100%| E|CS|TAMS 0x0000000713a00000| PB 0x0000000713a00000| Complete |  0
| 112|0x0000000713c00000, 0x0000000713e00000, 0x0000000713e00000|100%| E|CS|TAMS 0x0000000713c00000| PB 0x0000000713c00000| Complete |  0
| 113|0x0000000713e00000, 0x0000000714000000, 0x0000000714000000|100%| E|CS|TAMS 0x0000000713e00000| PB 0x0000000713e00000| Complete |  0
| 114|0x0000000714000000, 0x0000000714200000, 0x0000000714200000|100%| E|CS|TAMS 0x0000000714000000| PB 0x0000000714000000| Complete |  0
| 115|0x0000000714200000, 0x0000000714400000, 0x0000000714400000|100%| E|CS|TAMS 0x0000000714200000| PB 0x0000000714200000| Complete |  0
| 116|0x0000000714400000, 0x0000000714600000, 0x0000000714600000|100%| E|CS|TAMS 0x0000000714400000| PB 0x0000000714400000| Complete |  0
| 117|0x0000000714600000, 0x0000000714800000, 0x0000000714800000|100%| E|CS|TAMS 0x0000000714600000| PB 0x0000000714600000| Complete |  0
| 118|0x0000000714800000, 0x0000000714a00000, 0x0000000714a00000|100%| E|CS|TAMS 0x0000000714800000| PB 0x0000000714800000| Complete |  0
| 119|0x0000000714a00000, 0x0000000714c00000, 0x0000000714c00000|100%| E|CS|TAMS 0x0000000714a00000| PB 0x0000000714a00000| Complete |  0
| 120|0x0000000714c00000, 0x0000000714e00000, 0x0000000714e00000|100%| E|CS|TAMS 0x0000000714c00000| PB 0x0000000714c00000| Complete |  0
| 121|0x0000000714e00000, 0x0000000715000000, 0x0000000715000000|100%| E|CS|TAMS 0x0000000714e00000| PB 0x0000000714e00000| Complete |  0
| 122|0x0000000715000000, 0x0000000715200000, 0x0000000715200000|100%| E|CS|TAMS 0x0000000715000000| PB 0x0000000715000000| Complete |  0
| 123|0x0000000715200000, 0x0000000715400000, 0x0000000715400000|100%| E|CS|TAMS 0x0000000715200000| PB 0x0000000715200000| Complete |  0
| 124|0x0000000715400000, 0x0000000715600000, 0x0000000715600000|100%| E|  |TAMS 0x0000000715400000| PB 0x0000000715400000| Complete |  0
| 125|0x0000000715600000, 0x0000000715800000, 0x0000000715800000|100%| E|CS|TAMS 0x0000000715600000| PB 0x0000000715600000| Complete |  0
|2001|0x00000007ffe00000, 0x00000007fff1c348, 0x0000000800000000| 55%| O|  |TAMS 0x00000007ffe00000| PB 0x00000007ffe00000| Untracked |  0

Card table byte_map: [0x0000021957d60000,0x0000021958540000] _byte_map_base: 0x0000021954532000

Marking Bits: (CMBitMap*) 0x000002193e2eff40
 Bits: [0x0000021958540000, 0x000002195c3d0000)

Polling page: 0x000002193c520000

Metaspace:

Usage:
  Non-class:      6.77 MB used.
      Class:    711.60 KB used.
       Both:      7.46 MB used.

Virtual space:
  Non-class space:       64.00 MB reserved,       6.94 MB ( 11%) committed,  1 nodes.
      Class space:        1.00 GB reserved,     832.00 KB ( <1%) committed,  1 nodes.
             Both:        1.06 GB reserved,       7.75 MB ( <1%) committed. 

Chunk freelists:
   Non-Class:  8.92 MB
       Class:  15.21 MB
        Both:  24.12 MB

MaxMetaspaceSize: unlimited
CompressedClassSpaceSize: 1.00 GB
Initial GC threshold: 21.00 MB
Current GC threshold: 21.00 MB
CDS: on
 - commit_granule_bytes: 65536.
 - commit_granule_words: 8192.
 - virtual_space_node_default_size: 8388608.
 - enlarge_chunks_in_place: 1.
UseCompressedClassPointers 1, UseCompactObjectHeaders 0
Narrow klass pointer bits 32, Max shift 3
Narrow klass base: 0x0000021960000000, Narrow klass shift: 0
Encoding Range: [0x0000021960000000 - 0x0000021a60000000), (4294967296 bytes)
Klass Range:    [0x0000021960000000 - 0x00000219a1000000), (1090519040 bytes)
Klass ID Range:  [8 - 1090519033) (1090519025)


Internal statistics:

num_allocs_failed_limit: 0.
num_arena_births: 174.
num_arena_deaths: 0.
num_vsnodes_births: 2.
num_vsnodes_deaths: 0.
num_space_committed: 124.
num_space_uncommitted: 0.
num_chunks_returned_to_freelist: 0.
num_chunks_taken_from_freelist: 221.
num_chunk_merges: 0.
num_chunk_splits: 135.
num_chunks_enlarged: 60.
num_inconsistent_stats: 0.

CodeHeap 'non-profiled nmethods': size=119232Kb used=623Kb max_used=623Kb free=118608Kb
 bounds [0x000002194f330000, 0x000002194f5a0000, 0x00000219567a0000]
CodeHeap 'profiled nmethods': size=119104Kb used=2917Kb max_used=2917Kb free=116186Kb
 bounds [0x00000219477a0000, 0x0000021947a80000, 0x000002194ebf0000]
CodeHeap 'non-nmethods': size=7424Kb used=3018Kb max_used=3072Kb free=4405Kb
 bounds [0x000002194ebf0000, 0x000002194ef00000, 0x000002194f330000]
CodeCache: size=245760Kb, used=6558Kb, max_used=6612Kb, free=239199Kb
 total_blobs=2489, nmethods=1987, adapters=404, full_count=0
Compilation: enabled, stopped_count=0, restarted_count=0

Compilation events (20 events):
Event: 0.319 Thread 0x000002195f306d50 nmethod 1809 0x0000021947a2bf88 code [0x0000021947a2c240, 0x0000021947a2d7c8]
Event: 0.319 Thread 0x000002195f3e79c0 nmethod 1813 0x0000021947a2d888 code [0x0000021947a2d9a0, 0x0000021947a2dad0]
Event: 0.319 Thread 0x000002195f3e88e0 1814       1       jdk.internal.classfile.impl.DirectClassBuilder::setInterfaces (6 bytes)
Event: 0.319 Thread 0x000002195f3e88e0 nmethod 1814 0x000002194f3ba708 code [0x000002194f3ba820, 0x000002194f3ba938]
Event: 0.319 Thread 0x000002195f303dd0 nmethod 1792 0x000002194f3baa08 code [0x000002194f3bab20, 0x000002194f3bad08]
Event: 0.319 Thread 0x000002195f3e6aa0 nmethod 1782 0x0000021947a2db88 code [0x0000021947a2e340, 0x0000021947a34608]
Event: 0.320 Thread 0x000002195f306d50 1815       3       java.lang.Integer::rotateRight (9 bytes)
Event: 0.320 Thread 0x000002195f306d50 nmethod 1815 0x0000021947a34788 code [0x0000021947a348a0, 0x0000021947a34998]
Event: 0.320 Thread 0x000002195f3e5b80 1816       4       java.lang.Integer::rotateRight (9 bytes)
Event: 0.321 Thread 0x000002195f3e5b80 nmethod 1816 0x000002194f3bad88 code [0x000002194f3bae80, 0x000002194f3baef0]
Event: 0.321 Thread 0x000002195f3e79c0 1818       3       java.util.Properties::getProperty (50 bytes)
Event: 0.321 Thread 0x000002195f3e79c0 nmethod 1818 0x0000021947a34a88 code [0x0000021947a34be0, 0x0000021947a35090]
Event: 0.324 Thread 0x00000219a50cd4c0 nmethod 1807 0x000002194f3bb388 code [0x000002194f3bb560, 0x000002194f3bc2a0]
Event: 0.325 Thread 0x000002195f3e79c0 1819       3       sun.invoke.util.VerifyAccess::ensureTypeVisible (47 bytes)
Event: 0.326 Thread 0x000002195f3e79c0 nmethod 1819 0x0000021947a35108 code [0x0000021947a35260, 0x0000021947a357c0]
Event: 0.328 Thread 0x000002195f306d50 1820   !   3       jdk.internal.classfile.impl.StackMapGenerator::detectFrames (498 bytes)
Event: 0.328 Thread 0x000002195f3e88e0 1821       3       jdk.internal.classfile.impl.StackMapGenerator::processMethod (258 bytes)
Event: 0.328 Thread 0x000002195f3e88e0 nmethod 1821 0x0000021947a35808 code [0x0000021947a35a40, 0x0000021947a36dd0]
Event: 0.328 Thread 0x000002195f306d50 nmethod 1820 0x0000021947a36e88 code [0x0000021947a37160, 0x0000021947a39060]
Event: 0.330 Thread 0x000002195f3e5b80 1823       4       jdk.internal.classfile.impl.SplitConstantPool::internalAdd (78 bytes)

GC Heap History (0 events):
No events

Dll operation events (11 events):
Event: 0.021 Loaded shared library C:\Users\simon\.jdks\openjdk-24\bin\java.dll
Event: 0.040 Loaded shared library C:\Users\simon\.jdks\openjdk-24\bin\jsvml.dll
Event: 0.063 Loaded shared library C:\Users\simon\.jdks\openjdk-24\bin\zip.dll
Event: 0.064 Loaded shared library C:\Users\simon\.jdks\openjdk-24\bin\instrument.dll
Event: 0.066 Loaded shared library C:\Users\simon\.jdks\openjdk-24\bin\net.dll
Event: 0.067 Loaded shared library C:\Users\simon\.jdks\openjdk-24\bin\nio.dll
Event: 0.070 Loaded shared library C:\Users\simon\.jdks\openjdk-24\bin\zip.dll
Event: 0.089 Loaded shared library C:\Users\simon\.jdks\openjdk-24\bin\extnet.dll
Event: 0.121 Loaded shared library C:\Users\simon\.jdks\openjdk-24\bin\jimage.dll
Event: 0.151 Loaded shared library C:\Users\simon\.jdks\openjdk-24\bin\management.dll
Event: 0.163 Loaded shared library C:\Users\simon\.jdks\openjdk-24\bin\management_ext.dll

Deoptimization events (20 events):
Event: 0.327 Thread 0x000002195f2c2af0 Uncommon trap: trap_request=0xffffffd6 fr.pc=0x000002194f3bbc20 relative=0x00000000000006c0
Event: 0.327 Thread 0x000002195f2c2af0 Uncommon trap: reason=array_check action=maybe_recompile pc=0x000002194f3bbc20 method=jdk.internal.classfile.impl.SplitConstantPool.internalAdd(Ljava/lang/classfile/constantpool/PoolEntry;I)Ljava/lang/classfile/constantpool/PoolEntry; @ 46 c2
Event: 0.327 Thread 0x000002195f2c2af0 DEOPT PACKING pc=0x000002194f3bbc20 sp=0x000000b1939fd1f0
Event: 0.327 Thread 0x000002195f2c2af0 DEOPT UNPACKING pc=0x000002194ed06382 sp=0x000000b1939fd1a0 mode 2
Event: 0.327 Thread 0x000002195f2c2af0 Uncommon trap: trap_request=0xffffffd6 fr.pc=0x000002194f3bbc20 relative=0x00000000000006c0
Event: 0.327 Thread 0x000002195f2c2af0 Uncommon trap: reason=array_check action=maybe_recompile pc=0x000002194f3bbc20 method=jdk.internal.classfile.impl.SplitConstantPool.internalAdd(Ljava/lang/classfile/constantpool/PoolEntry;I)Ljava/lang/classfile/constantpool/PoolEntry; @ 46 c2
Event: 0.327 Thread 0x000002195f2c2af0 DEOPT PACKING pc=0x000002194f3bbc20 sp=0x000000b1939fd1f0
Event: 0.327 Thread 0x000002195f2c2af0 DEOPT UNPACKING pc=0x000002194ed06382 sp=0x000000b1939fd1a0 mode 2
Event: 0.327 Thread 0x000002195f2c2af0 Uncommon trap: trap_request=0xffffffd6 fr.pc=0x000002194f3bbc20 relative=0x00000000000006c0
Event: 0.327 Thread 0x000002195f2c2af0 Uncommon trap: reason=array_check action=maybe_recompile pc=0x000002194f3bbc20 method=jdk.internal.classfile.impl.SplitConstantPool.internalAdd(Ljava/lang/classfile/constantpool/PoolEntry;I)Ljava/lang/classfile/constantpool/PoolEntry; @ 46 c2
Event: 0.327 Thread 0x000002195f2c2af0 DEOPT PACKING pc=0x000002194f3bbc20 sp=0x000000b1939fcf60
Event: 0.327 Thread 0x000002195f2c2af0 DEOPT UNPACKING pc=0x000002194ed06382 sp=0x000000b1939fcf10 mode 2
Event: 0.327 Thread 0x000002195f2c2af0 Uncommon trap: trap_request=0xffffffd6 fr.pc=0x000002194f3bbc20 relative=0x00000000000006c0
Event: 0.327 Thread 0x000002195f2c2af0 Uncommon trap: reason=array_check action=maybe_recompile pc=0x000002194f3bbc20 method=jdk.internal.classfile.impl.SplitConstantPool.internalAdd(Ljava/lang/classfile/constantpool/PoolEntry;I)Ljava/lang/classfile/constantpool/PoolEntry; @ 46 c2
Event: 0.327 Thread 0x000002195f2c2af0 DEOPT PACKING pc=0x000002194f3bbc20 sp=0x000000b1939fcf60
Event: 0.327 Thread 0x000002195f2c2af0 DEOPT UNPACKING pc=0x000002194ed06382 sp=0x000000b1939fcf10 mode 2
Event: 0.329 Thread 0x000002195f2c2af0 Uncommon trap: trap_request=0xffffff4d fr.pc=0x000002194f37aa94 relative=0x00000000000000f4
Event: 0.329 Thread 0x000002195f2c2af0 Uncommon trap: reason=unstable_if action=reinterpret pc=0x000002194f37aa94 method=java.lang.Long.valueOf(J)Ljava/lang/Long; @ 9 c2
Event: 0.329 Thread 0x000002195f2c2af0 DEOPT PACKING pc=0x000002194f37aa94 sp=0x000000b1939feee0
Event: 0.329 Thread 0x000002195f2c2af0 DEOPT UNPACKING pc=0x000002194ed06382 sp=0x000000b1939fee78 mode 2

Classes loaded (20 events):
Event: 0.330 Loading class java/io/ObjectOutputStream$BlockDataOutputStream
Event: 0.330 Loading class java/io/ObjectOutputStream$BlockDataOutputStream done
Event: 0.330 Loading class java/io/ObjectOutputStream$HandleTable
Event: 0.330 Loading class java/io/ObjectOutputStream$HandleTable done
Event: 0.330 Loading class java/io/ObjectOutputStream$ReplaceTable
Event: 0.330 Loading class java/io/ObjectOutputStream$ReplaceTable done
Event: 0.330 Loading class java/io/ObjectStreamClass$Caches
Event: 0.330 Loading class java/io/ObjectStreamClass$Caches done
Event: 0.330 Loading class java/io/ObjectStreamClass$Caches$1
Event: 0.330 Loading class java/io/ClassCache
Event: 0.330 Loading class java/io/ClassCache done
Event: 0.330 Loading class java/io/ObjectStreamClass$Caches$1 done
Event: 0.330 Loading class java/io/ClassCache$1
Event: 0.330 Loading class java/io/ClassCache$1 done
Event: 0.330 Loading class java/io/ObjectStreamClass$Caches$2
Event: 0.330 Loading class java/io/ObjectStreamClass$Caches$2 done
Event: 0.330 Loading class java/lang/ClassValue$ClassValueMap
Event: 0.330 Loading class java/lang/ClassValue$ClassValueMap done
Event: 0.330 Loading class jdk/internal/reflect/MethodHandleLongFieldAccessorImpl
Event: 0.330 Loading class jdk/internal/reflect/MethodHandleLongFieldAccessorImpl done

Classes unloaded (0 events):
No events

Classes redefined (0 events):
No events

Internal exceptions (20 events):
Event: 0.124 Thread 0x000002193e286120 Exception <a 'java/lang/NoSuchMethodError'{0x0000000714e116e0}: 'java.lang.Object java.lang.invoke.DirectMethodHandle$Holder.invokeStatic(java.lang.Object, int, java.lang.Object)'> (0x0000000714e116e0) 
thrown [s\open\src\hotspot\share\interpreter\linkResolver.cpp, line 805]
Event: 0.135 Thread 0x000002193e286120 Exception <a 'java/lang/NoSuchMethodError'{0x0000000714e68ef8}: 'void java.lang.invoke.DirectMethodHandle$Holder.invokeStaticInit(java.lang.Object)'> (0x0000000714e68ef8) 
thrown [s\open\src\hotspot\share\interpreter\linkResolver.cpp, line 805]
Event: 0.148 Thread 0x000002193e286120 Exception <a 'java/lang/NoSuchMethodError'{0x0000000714eda190}: 'void java.lang.invoke.DirectMethodHandle$Holder.invokeSpecial(java.lang.Object, java.lang.Object, java.lang.Object)'> (0x0000000714eda190) 
thrown [s\open\src\hotspot\share\interpreter\linkResolver.cpp, line 805]
Event: 0.156 Thread 0x000002193e286120 Exception <a 'java/lang/NoSuchMethodError'{0x0000000714c3ba68}: 'java.lang.Object java.lang.invoke.DirectMethodHandle$Holder.newInvokeSpecial(java.lang.Object, java.lang.Object, java.lang.Object, java.lang.Object, java.lang.Object)'> (0x0000000714c3ba68) 
thrown [s\open\src\hotspot\share\interpreter\linkResolver.cpp, line 805]
Event: 0.165 Thread 0x000002195f2c2af0 Exception <a 'java/lang/NoSuchMethodError'{0x0000000714f7fc08}: 'int java.lang.invoke.DirectMethodHandle$Holder.invokeInterface(java.lang.Object, java.lang.Object)'> (0x0000000714f7fc08) 
thrown [s\open\src\hotspot\share\interpreter\linkResolver.cpp, line 805]
Event: 0.166 Thread 0x000002195f2c2af0 Exception <a 'java/lang/IncompatibleClassChangeError'{0x0000000714f87888}: Found class java.lang.Object, but interface was expected> (0x0000000714f87888) 
thrown [s\open\src\hotspot\share\interpreter\linkResolver.cpp, line 872]
Event: 0.182 Thread 0x000002193e286120 Exception <a 'java/lang/NoSuchMethodError'{0x0000000714dd1b20}: 'long java.lang.invoke.DirectMethodHandle$Holder.invokeVirtual(java.lang.Object, java.lang.Object)'> (0x0000000714dd1b20) 
thrown [s\open\src\hotspot\share\interpreter\linkResolver.cpp, line 805]
Event: 0.193 Thread 0x000002195f2c2af0 Exception <a 'java/lang/NoSuchMethodError'{0x0000000714b10f50}: 'int java.lang.invoke.DirectMethodHandle$Holder.invokeSpecial(java.lang.Object, java.lang.Object, java.lang.Object)'> (0x0000000714b10f50) 
thrown [s\open\src\hotspot\share\interpreter\linkResolver.cpp, line 805]
Event: 0.248 Thread 0x000002193e286120 Exception <a 'java/lang/NoSuchMethodError'{0x00000007143090b0}: 'void java.lang.invoke.DirectMethodHandle$Holder.invokeSpecial(java.lang.Object, java.lang.Object, int)'> (0x00000007143090b0) 
thrown [s\open\src\hotspot\share\interpreter\linkResolver.cpp, line 805]
Event: 0.248 Thread 0x000002193e286120 Exception <a 'java/lang/NoSuchMethodError'{0x0000000714310cd0}: 'void java.lang.invoke.Invokers$Holder.invokeExact_MT(java.lang.Object, int, java.lang.Object)'> (0x0000000714310cd0) 
thrown [s\open\src\hotspot\share\interpreter\linkResolver.cpp, line 805]
Event: 0.250 Thread 0x000002193e286120 Exception <a 'java/lang/NoSuchMethodError'{0x000000071432b600}: 'void java.lang.invoke.DirectMethodHandle$Holder.invokeStatic(java.lang.Object, java.lang.Object, int)'> (0x000000071432b600) 
thrown [s\open\src\hotspot\share\interpreter\linkResolver.cpp, line 805]
Event: 0.251 Thread 0x000002193e286120 Exception <a 'java/lang/NoSuchMethodError'{0x000000071433a6f0}: 'java.lang.Object java.lang.invoke.DirectMethodHandle$Holder.newInvokeSpecial(java.lang.Object, java.lang.Object, int)'> (0x000000071433a6f0) 
thrown [s\open\src\hotspot\share\interpreter\linkResolver.cpp, line 805]
Event: 0.252 Thread 0x000002195f3cf4e0 Exception <a 'java/lang/NoSuchMethodError'{0x00000007143ecbd8}: 'long java.lang.invoke.DirectMethodHandle$Holder.invokeSpecial(java.lang.Object, java.lang.Object)'> (0x00000007143ecbd8) 
thrown [s\open\src\hotspot\share\interpreter\linkResolver.cpp, line 805]
Event: 0.260 Thread 0x000002193e286120 Exception <a 'sun/nio/fs/WindowsException'{0x000000071436e9c8}> (0x000000071436e9c8) 
thrown [s\open\src\hotspot\share\prims\jni.cpp, line 518]
Event: 0.263 Thread 0x000002193e286120 Exception <a 'sun/nio/fs/WindowsException'{0x000000071437b7f0}> (0x000000071437b7f0) 
thrown [s\open\src\hotspot\share\prims\jni.cpp, line 518]
Event: 0.265 Thread 0x000002193e286120 Exception <a 'sun/nio/fs/WindowsException'{0x000000071438d660}> (0x000000071438d660) 
thrown [s\open\src\hotspot\share\prims\jni.cpp, line 518]
Event: 0.306 Thread 0x000002195f2c2af0 Exception <a 'java/lang/NoSuchMethodError'{0x0000000713d1c180}: 'java.lang.Object java.lang.invoke.DirectMethodHandle$Holder.invokeStaticInit(java.lang.Object, int, int, int, int)'> (0x0000000713d1c180) 
thrown [s\open\src\hotspot\share\interpreter\linkResolver.cpp, line 805]
Event: 0.318 Thread 0x000002195f2c2af0 Exception <a 'java/lang/NoSuchMethodError'{0x0000000713d98580}: 'java.lang.Object java.lang.invoke.DirectMethodHandle$Holder.invokeStaticInit(java.lang.Object, java.lang.Object, int, int, int, int)'> (0x0000000713d98580) 
thrown [s\open\src\hotspot\share\interpreter\linkResolver.cpp, line 805]
Event: 0.326 Thread 0x000002195f2c2af0 Exception <a 'java/lang/ClassNotFoundException'{0x0000000713daeee8}: javax/management/remote/rmi/RMIServerImpl_Skel> (0x0000000713daeee8) 
thrown [s\open\src\hotspot\share\classfile\systemDictionary.cpp, line 327]
Event: 0.330 Thread 0x000002195f2c2af0 Exception <a 'java/lang/NoSuchMethodError'{0x0000000713dc0800}: 'long java.lang.invoke.Invokers$Holder.invokeExact_MT(java.lang.Object, java.lang.Object)'> (0x0000000713dc0800) 
thrown [s\open\src\hotspot\share\interpreter\linkResolver.cpp, line 805]

VM Operations (10 events):
Event: 0.055 Executing VM operation: HandshakeAllThreads (Deoptimize)
Event: 0.055 Executing VM operation: HandshakeAllThreads (Deoptimize) done
Event: 0.253 Executing VM operation: HandshakeAllThreads (Deoptimize)
Event: 0.253 Executing VM operation: HandshakeAllThreads (Deoptimize) done
Event: 0.258 Executing VM operation: HandshakeAllThreads (Deoptimize)
Event: 0.259 Executing VM operation: HandshakeAllThreads (Deoptimize) done
Event: 0.281 Executing VM operation: JFRSafepointClear
Event: 0.281 Executing VM operation: JFRSafepointClear done
Event: 0.287 Executing VM operation: HandshakeAllThreads (Deoptimize)
Event: 0.288 Executing VM operation: HandshakeAllThreads (Deoptimize) done

Memory protections (0 events):
No events

Nmethod flushes (0 events):
No events

Events (20 events):
Event: 0.038 Thread 0x000002193e286120 Thread added: 0x000002195f2be810
Event: 0.038 Thread 0x000002193e286120 Thread added: 0x000002195f2c1fc0
Event: 0.038 Thread 0x000002193e286120 Thread added: 0x000002195f2c2af0
Event: 0.038 Thread 0x000002193e286120 Thread added: 0x000002195f2c56c0
Event: 0.038 Thread 0x000002193e286120 Thread added: 0x000002195f2ce5d0
Event: 0.038 Thread 0x000002193e286120 Thread added: 0x000002195f303dd0
Event: 0.038 Thread 0x000002193e286120 Thread added: 0x000002195f306d50
Event: 0.052 Thread 0x000002193e286120 Thread added: 0x000002195f3cc1b0
Event: 0.055 Thread 0x000002195f306d50 Thread added: 0x000002195f3e88e0
Event: 0.056 Thread 0x000002195f306d50 Thread added: 0x000002195f3e6aa0
Event: 0.059 Thread 0x000002195f3e6aa0 Thread added: 0x000002195f3e5b80
Event: 0.083 Thread 0x000002193e286120 Thread added: 0x000002195f3ce640
Event: 0.128 Thread 0x000002195f3e6aa0 Thread added: 0x000002195f3e53f0
Event: 0.133 Thread 0x000002193e286120 Thread added: 0x000002195f3cc900
Event: 0.236 Thread 0x000002195f3e6aa0 Thread added: 0x000002195f3e79c0
Event: 0.240 Thread 0x000002195f3e6aa0 Thread added: 0x00000219a50cb680
Event: 0.244 Thread 0x000002195f3e6aa0 Thread added: 0x00000219a50cdc50
Event: 0.251 Thread 0x000002193e286120 Thread added: 0x000002195f3cf4e0
Event: 0.254 Thread 0x000002195f3e88e0 Thread added: 0x00000219a50cd4c0
Event: 0.329 Thread 0x000002195f2c2af0 Thread added: 0x000002195f3cd050


Dynamic libraries:
0x00007ff7a0cd0000 - 0x00007ff7a0cde000 	C:\Users\simon\.jdks\openjdk-24\bin\java.exe
0x00007ffd3f4a0000 - 0x00007ffd3f703000 	C:\WINDOWS\SYSTEM32\ntdll.dll
0x00007ffcf4db0000 - 0x00007ffcf4dca000 	C:\Program Files\Avast Software\Avast\aswhook.dll
0x00007ffd3e530000 - 0x00007ffd3e5f7000 	C:\WINDOWS\System32\KERNEL32.DLL
0x00007ffd3cc00000 - 0x00007ffd3cfc9000 	C:\WINDOWS\System32\KERNELBASE.dll
0x00007ffd3cfd0000 - 0x00007ffd3d11c000 	C:\WINDOWS\System32\ucrtbase.dll
0x00007ffd34f30000 - 0x00007ffd34f46000 	C:\Users\simon\.jdks\openjdk-24\bin\jli.dll
0x00007ffd34f50000 - 0x00007ffd34f6b000 	C:\Users\simon\.jdks\openjdk-24\bin\VCRUNTIME140.dll
0x00007ffd3d450000 - 0x00007ffd3d61a000 	C:\WINDOWS\System32\USER32.dll
0x00007ffd3d290000 - 0x00007ffd3d2b7000 	C:\WINDOWS\System32\win32u.dll
0x00007ffd1ce80000 - 0x00007ffd1d110000 	C:\WINDOWS\WinSxS\amd64_microsoft.windows.common-controls_6595b64144ccf1df_6.0.26100.3323_none_3e088096e3344490\COMCTL32.dll
0x00007ffd3f110000 - 0x00007ffd3f13a000 	C:\WINDOWS\System32\GDI32.dll
0x00007ffd3c950000 - 0x00007ffd3ca81000 	C:\WINDOWS\System32\gdi32full.dll
0x00007ffd3e3c0000 - 0x00007ffd3e469000 	C:\WINDOWS\System32\msvcrt.dll
0x00007ffd3ca90000 - 0x00007ffd3cb33000 	C:\WINDOWS\System32\msvcp_win.dll
0x00007ffd3d680000 - 0x00007ffd3d6af000 	C:\WINDOWS\System32\IMM32.DLL
0x00007ffd38c20000 - 0x00007ffd38c2c000 	C:\Users\simon\.jdks\openjdk-24\bin\vcruntime140_1.dll
0x00007ffd13bc0000 - 0x00007ffd13c4e000 	C:\Users\simon\.jdks\openjdk-24\bin\msvcp140.dll
0x00007ffc94e30000 - 0x00007ffc95bd2000 	C:\Users\simon\.jdks\openjdk-24\bin\server\jvm.dll
0x00007ffd3e470000 - 0x00007ffd3e522000 	C:\WINDOWS\System32\ADVAPI32.dll
0x00007ffd3f3a0000 - 0x00007ffd3f446000 	C:\WINDOWS\System32\sechost.dll
0x00007ffd3e140000 - 0x00007ffd3e256000 	C:\WINDOWS\System32\RPCRT4.dll
0x00007ffd3e600000 - 0x00007ffd3e674000 	C:\WINDOWS\System32\WS2_32.dll
0x00007ffd3b350000 - 0x00007ffd3b39e000 	C:\WINDOWS\SYSTEM32\POWRPROF.dll
0x00007ffd34460000 - 0x00007ffd34496000 	C:\WINDOWS\SYSTEM32\WINMM.dll
0x00007ffd347c0000 - 0x00007ffd347cb000 	C:\WINDOWS\SYSTEM32\VERSION.dll
0x00007ffd3b330000 - 0x00007ffd3b344000 	C:\WINDOWS\SYSTEM32\UMPDC.dll
0x00007ffd3b5d0000 - 0x00007ffd3b5ea000 	C:\WINDOWS\SYSTEM32\kernel.appcore.dll
0x00007ffd38bf0000 - 0x00007ffd38bfa000 	C:\Users\simon\.jdks\openjdk-24\bin\jimage.dll
0x00007ffd39960000 - 0x00007ffd39ba1000 	C:\WINDOWS\SYSTEM32\DBGHELP.DLL
0x00007ffd3ec70000 - 0x00007ffd3eff2000 	C:\WINDOWS\System32\combase.dll
0x00007ffd3d370000 - 0x00007ffd3d446000 	C:\WINDOWS\System32\OLEAUT32.dll
0x00007ffd2b2f0000 - 0x00007ffd2b329000 	C:\WINDOWS\SYSTEM32\dbgcore.DLL
0x00007ffd3c6a0000 - 0x00007ffd3c739000 	C:\WINDOWS\System32\bcryptPrimitives.dll
0x00007ffd2b070000 - 0x00007ffd2b07f000 	C:\Users\simon\.jdks\openjdk-24\bin\instrument.dll
0x00007ffd34d70000 - 0x00007ffd34d8e000 	C:\Users\simon\.jdks\openjdk-24\bin\java.dll
0x00007ffd3d6c0000 - 0x00007ffd3d855000 	C:\WINDOWS\System32\ole32.dll
0x00007ffd3d890000 - 0x00007ffd3dfa5000 	C:\WINDOWS\System32\SHELL32.dll
0x00007ffd3d120000 - 0x00007ffd3d288000 	C:\WINDOWS\System32\wintypes.dll
0x00007ffcd5da0000 - 0x00007ffcd5fae000 	C:\Users\simon\AppData\Local\Temp\idea_libasyncProfiler_dll_temp_folder\libasyncProfiler.dll
0x00007ffd3a3c0000 - 0x00007ffd3ac05000 	C:\WINDOWS\SYSTEM32\windows.storage.dll
0x00007ffd3e050000 - 0x00007ffd3e13b000 	C:\WINDOWS\System32\SHCORE.dll
0x00007ffd3d620000 - 0x00007ffd3d67d000 	C:\WINDOWS\System32\shlwapi.dll
0x00007ffd3c5b0000 - 0x00007ffd3c5df000 	C:\WINDOWS\SYSTEM32\profapi.dll
0x00007ffce51c0000 - 0x00007ffce5297000 	C:\Users\simon\.jdks\openjdk-24\bin\jsvml.dll
0x00007ffd2b180000 - 0x00007ffd2b197000 	C:\Users\simon\.jdks\openjdk-24\bin\zip.dll
0x00007ffd38b20000 - 0x00007ffd38b30000 	C:\Users\simon\.jdks\openjdk-24\bin\net.dll
0x00007ffd3baf0000 - 0x00007ffd3bb5a000 	C:\WINDOWS\system32\mswsock.dll
0x00007ffd2b1a0000 - 0x00007ffd2b1b6000 	C:\Users\simon\.jdks\openjdk-24\bin\nio.dll
0x00007ffd385a0000 - 0x00007ffd385a9000 	C:\Users\simon\.jdks\openjdk-24\bin\extnet.dll
0x00007ffd3b110000 - 0x00007ffd3b235000 	C:\WINDOWS\SYSTEM32\DNSAPI.dll
0x00007ffd3b040000 - 0x00007ffd3b073000 	C:\WINDOWS\SYSTEM32\IPHLPAPI.DLL
0x00007ffd3f450000 - 0x00007ffd3f45a000 	C:\WINDOWS\System32\NSI.dll
0x00007ffd356c0000 - 0x00007ffd356cb000 	C:\Windows\System32\rasadhlp.dll
0x00007ffd36ed0000 - 0x00007ffd36f55000 	C:\WINDOWS\System32\fwpuclnt.dll
0x00007ffd25500000 - 0x00007ffd2550a000 	C:\Users\simon\.jdks\openjdk-24\bin\management.dll
0x00007ffd254f0000 - 0x00007ffd254fb000 	C:\Users\simon\.jdks\openjdk-24\bin\management_ext.dll
0x00007ffd3dfb0000 - 0x00007ffd3dfb8000 	C:\WINDOWS\System32\PSAPI.DLL
0x00007ffd3bd90000 - 0x00007ffd3bdac000 	C:\WINDOWS\SYSTEM32\CRYPTSP.dll
0x00007ffd3b530000 - 0x00007ffd3b56a000 	C:\WINDOWS\system32\rsaenh.dll
0x00007ffd3bb90000 - 0x00007ffd3bbbb000 	C:\WINDOWS\SYSTEM32\USERENV.dll
0x00007ffd3bfd0000 - 0x00007ffd3bff6000 	C:\WINDOWS\SYSTEM32\bcrypt.dll
0x00007ffd3bdb0000 - 0x00007ffd3bdbc000 	C:\WINDOWS\SYSTEM32\CRYPTBASE.dll
0x00007ffd0e3b0000 - 0x00007ffd0e3c8000 	C:\WINDOWS\system32\napinsp.dll
0x00007ffd0e390000 - 0x00007ffd0e3a2000 	C:\WINDOWS\System32\winrnr.dll
0x00007ffd0e360000 - 0x00007ffd0e382000 	C:\WINDOWS\system32\nlansp_c.dll
0x00007ffd0e2f0000 - 0x00007ffd0e306000 	C:\WINDOWS\system32\wshbth.dll
0x00007ffd12570000 - 0x00007ffd125be000 	C:\WINDOWS\SYSTEM32\pdh.dll

dbghelp: loaded successfully - version: 4.0.5 - missing functions: none
symbol engine: initialized successfully - sym options: 0x614 - pdb path: .;C:\Users\simon\.jdks\openjdk-24\bin;C:\WINDOWS\SYSTEM32;C:\Program Files\Avast Software\Avast;C:\WINDOWS\WinSxS\amd64_microsoft.windows.common-controls_6595b64144ccf1df_6.0.26100.3323_none_3e088096e3344490;C:\Users\simon\.jdks\openjdk-24\bin\server;C:\Users\simon\AppData\Local\Temp\idea_libasyncProfiler_dll_temp_folder

VM Arguments:
jvm_args: -javaagent:C:\Program Files\JetBrains\IntelliJ IDEA 2024.3.5\lib\idea_rt.jar=52157 -agentpath:C:\Users\simon\AppData\Local\Temp\idea_libasyncProfiler_dll_temp_folder\libasyncProfiler.dll=start,jfr,event=wall,interval=10ms,jfrsync=profile,cstack=no,file=C:\Users\simon\IdeaSnapshots\LibraryAuthAppGUI_2025_04_02_201930.jfr,dbghelppath=C:\Users\simon\AppData\Local\Temp\idea_dbghelp_dll_temp_folder\dbghelp.dll,log=C:\Users\simon\AppData\Local\Temp\LibraryAuthAppGUI_2025_04_02_201930.jfr.log.txt,logLevel=DEBUG -Dfile.encoding=UTF-8 -Dsun.stdout.encoding=UTF-8 -Dsun.stderr.encoding=UTF-8 
java_command: proiect.LibraryAuthAppGUI
java_class_path (initial): C:\Users\simon\IdeaProjects\Proiect\Proiect\target\classes;C:\Users\simon\.m2\repository\com\mysql\mysql-connector-j\8.0.31\mysql-connector-j-8.0.31.jar;C:\Users\simon\.m2\repository\com\google\protobuf\protobuf-java\3.19.4\protobuf-java-3.19.4.jar;C:\Users\simon\.m2\repository\org\openjfx\javafx-graphics\19\javafx-graphics-19.jar;C:\Users\simon\.m2\repository\org\openjfx\javafx-graphics\19\javafx-graphics-19-win.jar;C:\Users\simon\.m2\repository\org\openjfx\javafx-base\19\javafx-base-19.jar;C:\Users\simon\.m2\repository\org\openjfx\javafx-base\19\javafx-base-19-win.jar;C:\Users\simon\.m2\repository\org\openjfx\javafx-controls\17\javafx-controls-17.jar;C:\Users\simon\.m2\repository\org\openjfx\javafx-controls\17\javafx-controls-17-win.jar;C:\Users\simon\.m2\repository\org\openjfx\javafx-fxml\17\javafx-fxml-17.jar;C:\Users\simon\.m2\repository\org\openjfx\javafx-fxml\17\javafx-fxml-17-win.jar;C:\Users\simon\.m2\repository\org\openjfx\javafx-web\17\javafx-web-17.jar;C:\Users\simon\.m2\repository\org\openjfx\javafx-web\17\javafx-web-17-win.jar;C:\Users\simon\.m2\repository\org\openjfx\javafx-media\17\javafx-media-17.jar;C:\Users\simon\.m2\repository\org\openjfx\javafx-media\17\javafx-media-17-win.jar;C:\Users\simon\.m2\repository\org\jetbrains\annotations\26.0.2\annotations-26.0.2.jar
Launcher Type: SUN_STANDARD

[Global flags]
     intx CICompilerCount                          = 12                                        {product} {ergonomic}
     uint ConcGCThreads                            = 3                                         {product} {ergonomic}
     bool FlightRecorder                           = true                                      {product} {management}
     uint G1ConcRefinementThreads                  = 13                                        {product} {ergonomic}
   size_t G1HeapRegionSize                         = 2097152                                   {product} {ergonomic}
   size_t InitialHeapSize                          = 264241152                                 {product} {ergonomic}
   size_t MarkStackSize                            = 4194304                                   {product} {ergonomic}
   size_t MarkStackSizeMax                         = 536870912                                 {product} {ergonomic}
   size_t MaxHeapSize                              = 4198498304                                {product} {ergonomic}
   size_t MaxNewSize                               = 2518679552                                {product} {ergonomic}
   size_t MinHeapDeltaBytes                        = 2097152                                   {product} {ergonomic}
   size_t MinHeapSize                              = 8388608                                   {product} {ergonomic}
    uintx NonNMethodCodeHeapSize                   = 7602176                                {pd product} {ergonomic}
    uintx NonProfiledCodeHeapSize                  = 122093568                              {pd product} {ergonomic}
    uintx ProfiledCodeHeapSize                     = 121962496                              {pd product} {ergonomic}
    uintx ReservedCodeCacheSize                    = 251658240                              {pd product} {ergonomic}
     bool SegmentedCodeCache                       = true                                      {product} {ergonomic}
   size_t SoftMaxHeapSize                          = 4198498304                             {manageable} {ergonomic}
     bool UseCompressedOops                        = true                           {product lp64_product} {ergonomic}
     bool UseG1GC                                  = true                                      {product} {ergonomic}
     bool UseLargePagesIndividualAllocation        = false                                  {pd product} {ergonomic}

Logging:
Log output configuration:
 #0: stdout all=warning uptime,level,tags foldmultilines=false
 #1: stderr all=off uptime,level,tags foldmultilines=false

Environment Variables:
PATH=C:\Program Files (x86)\Common Files\Oracle\Java\javapath;C:\oraclexe\app\oracle\product\11.2.0\server\bin;C:\WINDOWS\system32;C:\WINDOWS;C:\WINDOWS\System32\Wbem;C:\WINDOWS\System32\WindowsPowerShell\v1.0\;C:\WINDOWS\System32\OpenSSH\;C:\Program Files\MATLAB\R2024b\bin;C:\Program Files\dotnet\;C:\Program Files\MySQL\MySQL Server 5.5\bin;C:\Program Files (x86)\NVIDIA Corporation\PhysX\Common;C:\Program Files\NVIDIA Corporation\NVIDIA app\NvDLISR;C:\Program Files (x86)\Windows Kits\10\Windows Performance Toolkit\;C:\Program Files\CMake\bin;C:\Users\simon\AppData\Local\Programs\Python\Launcher\;C:\Users\simon\AppData\Local\Microsoft\WindowsApps;C:\Program Files\MySQL\MySQL Server 9.2\bin;
USERNAME=simon
OS=Windows_NT
PROCESSOR_IDENTIFIER=Intel64 Family 6 Model 186 Stepping 2, GenuineIntel
TMP=C:\Users\simon\AppData\Local\Temp
TEMP=C:\Users\simon\AppData\Local\Temp




Periodic native trim disabled

---------------  S Y S T E M  ---------------

OS:
 Windows 11 , 64 bit Build 26100 (10.0.26100.3323)
OS uptime: 3 days 22:00 hours

CPU: total 16 (initial active 16) (8 cores per cpu, 2 threads per core) family 6 model 186 stepping 2 microcode 0x4122, cx8, cmov, fxsr, ht, mmx, 3dnowpref, sse, sse2, sse3, ssse3, sse4.1, sse4.2, popcnt, lzcnt, tsc, tscinvbit, avx, avx2, aes, erms, clmul, bmi1, bmi2, adx, sha, fma, vzeroupper, clflush, clflushopt, clwb, serialize, rdtscp, rdpid, fsrm, gfni, f16c, pku, cet_ibt, cet_ss
Processor Information for the first 16 processors :
  Max Mhz: 2400, Current Mhz: 2400, Mhz Limit: 2400

Memory: 4k page, system-wide physical 16008M (2329M free)
TotalPageFile size 30344M (AvailPageFile size 5920M)
current process WorkingSet (physical memory assigned to process): 98M, peak: 98M
current process commit charge ("private bytes"): 401M, peak: 403M

vm_info: OpenJDK 64-Bit Server VM (24+36-3646) for windows-amd64 JRE (24+36-3646), built on 2025-02-06T00:20:43Z with MS VC++ 17.6 (VS2022)

END.
